c:\users\thaon\desktop\se102-j21-ninjagaiden\ninjagaiden(nes)_game\ninjagaiden(nes)_game\debug\vc141.pdb
c:\users\thaon\desktop\se102-j21-ninjagaiden\ninjagaiden(nes)_game\ninjagaiden(nes)_game\debug\vc141.idb
c:\users\thaon\desktop\se102-j21-ninjagaiden\ninjagaiden(nes)_game\ninjagaiden(nes)_game\debug\eagle.obj
c:\users\thaon\desktop\se102-j21-ninjagaiden\ninjagaiden(nes)_game\ninjagaiden(nes)_game\debug\canoneer.obj
c:\users\thaon\desktop\se102-j21-ninjagaiden\ninjagaiden(nes)_game\ninjagaiden(nes)_game\debug\bullet.obj
c:\users\thaon\desktop\se102-j21-ninjagaiden\ninjagaiden(nes)_game\ninjagaiden(nes)_game\debug\brute.obj
c:\users\thaon\desktop\se102-j21-ninjagaiden\ninjagaiden(nes)_game\ninjagaiden(nes)_game\debug\axe.obj
c:\users\thaon\desktop\se102-j21-ninjagaiden\ninjagaiden(nes)_game\ninjagaiden(nes)_game\debug\boss.obj
c:\users\thaon\desktop\se102-j21-ninjagaiden\ninjagaiden(nes)_game\ninjagaiden(nes)_game\debug\ball.obj
c:\users\thaon\desktop\se102-j21-ninjagaiden\ninjagaiden(nes)_game\ninjagaiden(nes)_game\debug\scenemanager.obj
c:\users\thaon\desktop\se102-j21-ninjagaiden\ninjagaiden(nes)_game\ninjagaiden(nes)_game\debug\sprite.obj
c:\users\thaon\desktop\se102-j21-ninjagaiden\ninjagaiden(nes)_game\ninjagaiden(nes)_game\debug\sound.obj
c:\users\thaon\desktop\se102-j21-ninjagaiden\ninjagaiden(nes)_game\ninjagaiden(nes)_game\debug\scene.obj
c:\users\thaon\desktop\se102-j21-ninjagaiden\ninjagaiden(nes)_game\ninjagaiden(nes)_game\debug\quadtree.obj
c:\users\thaon\desktop\se102-j21-ninjagaiden\ninjagaiden(nes)_game\ninjagaiden(nes)_game\debug\gametime.obj
c:\users\thaon\desktop\se102-j21-ninjagaiden\ninjagaiden(nes)_game\ninjagaiden(nes)_game\debug\gamemap.obj
c:\users\thaon\desktop\se102-j21-ninjagaiden\ninjagaiden(nes)_game\ninjagaiden(nes)_game\debug\gamelog.obj
c:\users\thaon\desktop\se102-j21-ninjagaiden\ninjagaiden(nes)_game\ninjagaiden(nes)_game\debug\gameglobal.obj
c:\users\thaon\desktop\se102-j21-ninjagaiden\ninjagaiden(nes)_game\ninjagaiden(nes)_game\debug\gamecollision.obj
c:\users\thaon\desktop\se102-j21-ninjagaiden\ninjagaiden(nes)_game\ninjagaiden(nes)_game\debug\game.obj
c:\users\thaon\desktop\se102-j21-ninjagaiden\ninjagaiden(nes)_game\ninjagaiden(nes)_game\debug\camera.obj
c:\users\thaon\desktop\se102-j21-ninjagaiden\ninjagaiden(nes)_game\ninjagaiden(nes)_game\debug\animation.obj
c:\users\thaon\desktop\se102-j21-ninjagaiden\ninjagaiden(nes)_game\ninjagaiden(nes)_game\debug\entity.obj
c:\users\thaon\desktop\se102-j21-ninjagaiden\ninjagaiden(nes)_game\ninjagaiden(nes)_game\debug\playeruseweaponstate.obj
c:\users\thaon\desktop\se102-j21-ninjagaiden\ninjagaiden(nes)_game\ninjagaiden(nes)_game\debug\playerstate.obj
c:\users\thaon\desktop\se102-j21-ninjagaiden\ninjagaiden(nes)_game\ninjagaiden(nes)_game\debug\playerstandingstate.obj
c:\users\thaon\desktop\se102-j21-ninjagaiden\ninjagaiden(nes)_game\ninjagaiden(nes)_game\debug\playerstandingbeatstate.obj
c:\users\thaon\desktop\se102-j21-ninjagaiden\ninjagaiden(nes)_game\ninjagaiden(nes)_game\debug\playersittingstate.obj
c:\users\thaon\desktop\se102-j21-ninjagaiden\ninjagaiden(nes)_game\ninjagaiden(nes)_game\debug\playersittingbeatstate.obj
c:\users\thaon\desktop\se102-j21-ninjagaiden\ninjagaiden(nes)_game\ninjagaiden(nes)_game\debug\playerrunningstate.obj
c:\users\thaon\desktop\se102-j21-ninjagaiden\ninjagaiden(nes)_game\ninjagaiden(nes)_game\debug\playerjumpingstate.obj
c:\users\thaon\desktop\se102-j21-ninjagaiden\ninjagaiden(nes)_game\ninjagaiden(nes)_game\debug\playerfallingstate.obj
c:\users\thaon\desktop\se102-j21-ninjagaiden\ninjagaiden(nes)_game\ninjagaiden(nes)_game\debug\playerdyingstate.obj
c:\users\thaon\desktop\se102-j21-ninjagaiden\ninjagaiden(nes)_game\ninjagaiden(nes)_game\debug\playerdata.obj
c:\users\thaon\desktop\se102-j21-ninjagaiden\ninjagaiden(nes)_game\ninjagaiden(nes)_game\debug\playerclingingstate.obj
c:\users\thaon\desktop\se102-j21-ninjagaiden\ninjagaiden(nes)_game\ninjagaiden(nes)_game\debug\playerclimbingstate.obj
c:\users\thaon\desktop\se102-j21-ninjagaiden\ninjagaiden(nes)_game\ninjagaiden(nes)_game\debug\player.obj
c:\users\thaon\desktop\se102-j21-ninjagaiden\ninjagaiden(nes)_game\ninjagaiden(nes)_game\debug\swordman.obj
c:\users\thaon\desktop\se102-j21-ninjagaiden\ninjagaiden(nes)_game\ninjagaiden(nes)_game\debug\runner.obj
c:\users\thaon\desktop\se102-j21-ninjagaiden\ninjagaiden(nes)_game\ninjagaiden(nes)_game\debug\rocket.obj
c:\users\thaon\desktop\se102-j21-ninjagaiden\ninjagaiden(nes)_game\ninjagaiden(nes)_game\debug\panther.obj
c:\users\thaon\desktop\se102-j21-ninjagaiden\ninjagaiden(nes)_game\ninjagaiden(nes)_game\debug\goblin.obj
c:\users\thaon\desktop\se102-j21-ninjagaiden\ninjagaiden(nes)_game\ninjagaiden(nes)_game\debug\font.obj
c:\users\thaon\desktop\se102-j21-ninjagaiden\ninjagaiden(nes)_game\ninjagaiden(nes)_game\debug\windmillstarweapon.obj
c:\users\thaon\desktop\se102-j21-ninjagaiden\ninjagaiden(nes)_game\ninjagaiden(nes)_game\debug\weapon.obj
c:\users\thaon\desktop\se102-j21-ninjagaiden\ninjagaiden(nes)_game\ninjagaiden(nes)_game\debug\throwingstarweapon.obj
c:\users\thaon\desktop\se102-j21-ninjagaiden\ninjagaiden(nes)_game\ninjagaiden(nes)_game\debug\fireweapon.obj
c:\users\thaon\desktop\se102-j21-ninjagaiden\ninjagaiden(nes)_game\ninjagaiden(nes)_game\debug\gameobject.obj
c:\users\thaon\desktop\se102-j21-ninjagaiden\ninjagaiden(nes)_game\ninjagaiden(nes)_game\debug\butterfly.obj
c:\users\thaon\desktop\se102-j21-ninjagaiden\ninjagaiden(nes)_game\ninjagaiden(nes)_game\debug\birdbrown.obj
c:\users\thaon\desktop\se102-j21-ninjagaiden\ninjagaiden(nes)_game\ninjagaiden(nes)_game\debug\windmillstar.obj
c:\users\thaon\desktop\se102-j21-ninjagaiden\ninjagaiden(nes)_game\ninjagaiden(nes)_game\debug\timefreeze.obj
c:\users\thaon\desktop\se102-j21-ninjagaiden\ninjagaiden(nes)_game\ninjagaiden(nes)_game\debug\throwingstar.obj
c:\users\thaon\desktop\se102-j21-ninjagaiden\ninjagaiden(nes)_game\ninjagaiden(nes)_game\debug\redmana.obj
c:\users\thaon\desktop\se102-j21-ninjagaiden\ninjagaiden(nes)_game\ninjagaiden(nes)_game\debug\redhp.obj
c:\users\thaon\desktop\se102-j21-ninjagaiden\ninjagaiden(nes)_game\ninjagaiden(nes)_game\debug\redbonus.obj
c:\users\thaon\desktop\se102-j21-ninjagaiden\ninjagaiden(nes)_game\ninjagaiden(nes)_game\debug\item.obj
c:\users\thaon\desktop\se102-j21-ninjagaiden\ninjagaiden(nes)_game\ninjagaiden(nes)_game\debug\fire.obj
c:\users\thaon\desktop\se102-j21-ninjagaiden\ninjagaiden(nes)_game\ninjagaiden(nes)_game\debug\bluemana.obj
c:\users\thaon\desktop\se102-j21-ninjagaiden\ninjagaiden(nes)_game\ninjagaiden(nes)_game\debug\bluebonus.obj
c:\users\thaon\desktop\se102-j21-ninjagaiden\ninjagaiden(nes)_game\ninjagaiden(nes)_game\debug\explosionhit.obj
c:\users\thaon\desktop\se102-j21-ninjagaiden\ninjagaiden(nes)_game\ninjagaiden(nes)_game\debug\explosionboss.obj
c:\users\thaon\desktop\se102-j21-ninjagaiden\ninjagaiden(nes)_game\ninjagaiden(nes)_game\debug\scenestartgame.obj
c:\users\thaon\desktop\se102-j21-ninjagaiden\ninjagaiden(nes)_game\ninjagaiden(nes)_game\debug\scenegameover.obj
c:\users\thaon\desktop\se102-j21-ninjagaiden\ninjagaiden(nes)_game\ninjagaiden(nes)_game\debug\scenegame.obj
c:\users\thaon\desktop\se102-j21-ninjagaiden\ninjagaiden(nes)_game\ninjagaiden(nes)_game\debug\sceneendgame.obj
c:\users\thaon\desktop\se102-j21-ninjagaiden\ninjagaiden(nes)_game\ninjagaiden(nes)_game\debug\main.obj
c:\users\thaon\desktop\se102-j21-ninjagaiden\ninjagaiden(nes)_game\ninjagaiden(nes)_game\debug\gameui.obj
c:\users\thaon\desktop\se102-j21-ninjagaiden\ninjagaiden(nes)_game\debug\ninjagaiden(nes)_game.exe
c:\users\thaon\desktop\se102-j21-ninjagaiden\ninjagaiden(nes)_game\debug\ninjagaiden(nes)_game.ilk
c:\users\thaon\desktop\se102-j21-ninjagaiden\ninjagaiden(nes)_game\debug\ninjagaiden(nes)_game.pdb
c:\users\thaon\desktop\se102-j21-ninjagaiden\ninjagaiden(nes)_game\ninjagaiden(nes)_game\debug\ninjagai.16ba7f98.tlog\cl.command.1.tlog
c:\users\thaon\desktop\se102-j21-ninjagaiden\ninjagaiden(nes)_game\ninjagaiden(nes)_game\debug\ninjagai.16ba7f98.tlog\cl.read.1.tlog
c:\users\thaon\desktop\se102-j21-ninjagaiden\ninjagaiden(nes)_game\ninjagaiden(nes)_game\debug\ninjagai.16ba7f98.tlog\cl.write.1.tlog
c:\users\thaon\desktop\se102-j21-ninjagaiden\ninjagaiden(nes)_game\ninjagaiden(nes)_game\debug\ninjagai.16ba7f98.tlog\link.command.1.tlog
c:\users\thaon\desktop\se102-j21-ninjagaiden\ninjagaiden(nes)_game\ninjagaiden(nes)_game\debug\ninjagai.16ba7f98.tlog\link.read.1.tlog
c:\users\thaon\desktop\se102-j21-ninjagaiden\ninjagaiden(nes)_game\ninjagaiden(nes)_game\debug\ninjagai.16ba7f98.tlog\link.write.1.tlog
